[debug] [2022-05-16T22:42:10.748Z] ----------------------------------------------------------------------
[debug] [2022-05-16T22:42:10.750Z] Command:       C:\Program Files\nodejs\node.exe C:\Users\Ahmed\AppData\Roaming\npm\node_modules\firebase-tools\lib\bin\firebase.js deploy
[debug] [2022-05-16T22:42:10.750Z] CLI Version:   10.8.0
[debug] [2022-05-16T22:42:10.750Z] Platform:      win32
[debug] [2022-05-16T22:42:10.750Z] Node Version:  v14.15.0
[debug] [2022-05-16T22:42:10.751Z] Time:          Mon May 16 2022 18:42:10 GMT-0400 (Cuba Daylight Time)
[debug] [2022-05-16T22:42:10.751Z] ----------------------------------------------------------------------
[debug] 
[debug] [2022-05-16T22:42:10.754Z] >>> [apiv2][query] GET https://firebase-public.firebaseio.com/cli.json [none]
[debug] [2022-05-16T22:42:10.838Z] > command requires scopes: ["email","openid","https://www.googleapis.com/auth/cloudplatformprojects.readonly","https://www.googleapis.com/auth/firebase","https://www.googleapis.com/auth/cloud-platform"]
[debug] [2022-05-16T22:42:10.839Z] > authorizing via signed-in user (ahmediglez@gmail.com)
[debug] [2022-05-16T22:42:10.839Z] [iam] checking project weather-app-4d13a for permissions ["firebase.projects.get","firebasehosting.sites.update"]
[debug] [2022-05-16T22:42:10.840Z] > refreshing access token with scopes: []
[debug] [2022-05-16T22:42:10.840Z] >>> HTTP REQUEST POST https://www.googleapis.com/oauth2/v3/token  
 <request body omitted>
[debug] [2022-05-16T22:42:11.475Z] <<< HTTP RESPONSE 200 {"pragma":"no-cache","cache-control":"no-cache, no-store, max-age=0, must-revalidate","date":"Mon, 16 May 2022 22:42:12 GMT","expires":"Mon, 01 Jan 1990 00:00:00 GMT","content-type":"application/json; charset=utf-8","vary":"X-Origin, Referer, Origin,Accept-Encoding","server":"scaffolding on HTTPServer2","x-xss-protection":"0","x-frame-options":"SAMEORIGIN","x-content-type-options":"nosniff","alt-svc":"h3=\":443\"; ma=2592000,h3-29=\":443\"; ma=2592000,h3-Q050=\":443\"; ma=2592000,h3-Q046=\":443\"; ma=2592000,h3-Q043=\":443\"; ma=2592000,quic=\":443\"; ma=2592000; v=\"46,43\"","accept-ranges":"none","transfer-encoding":"chunked"}
[debug] [2022-05-16T22:42:11.489Z] >>> [apiv2][query] POST https://cloudresourcemanager.googleapis.com/v1/projects/weather-app-4d13a:testIamPermissions [none]
[debug] [2022-05-16T22:42:11.489Z] >>> [apiv2][body] POST https://cloudresourcemanager.googleapis.com/v1/projects/weather-app-4d13a:testIamPermissions {"permissions":["firebase.projects.get","firebasehosting.sites.update"]}
[debug] [2022-05-16T22:42:12.169Z] <<< [apiv2][status] POST https://cloudresourcemanager.googleapis.com/v1/projects/weather-app-4d13a:testIamPermissions 403
[debug] [2022-05-16T22:42:12.170Z] <<< [apiv2][body] POST https://cloudresourcemanager.googleapis.com/v1/projects/weather-app-4d13a:testIamPermissions "<!DOCTYPE html>\n<html lang=en>\n  <meta charset=utf-8>\n  <meta name=viewport content=\"initial-scale=1, minimum-scale=1, width=device-width\">\n  <title>Error 403 (Forbidden)!!1</title>\n  <style>\n    *{margin:0;padding:0}html,code{font:15px/22px arial,sans-serif}html{background:#fff;color:#222;padding:15px}body{margin:7% auto 0;max-width:390px;min-height:180px;padding:30px 0 15px}* > body{background:url(//www.google.com/images/errors/robot.png) 100% 5px no-repeat;padding-right:205px}p{margin:11px 0 22px;overflow:hidden}ins{color:#777;text-decoration:none}a img{border:0}@media screen and (max-width:772px){body{background:none;margin-top:0;max-width:none;padding-right:0}}#logo{background:url(//www.google.com/images/branding/googlelogo/1x/googlelogo_color_150x54dp.png) no-repeat;margin-left:-5px}@media only screen and (min-resolution:192dpi){#logo{background:url(//www.google.com/images/branding/googlelogo/2x/googlelogo_color_150x54dp.png) no-repeat 0% 0%/100% 100%;-moz-border-image:url(//www.google.com/images/branding/googlelogo/2x/googlelogo_color_150x54dp.png) 0}}@media only screen and (-webkit-min-device-pixel-ratio:2){#logo{background:url(//www.google.com/images/branding/googlelogo/2x/googlelogo_color_150x54dp.png) no-repeat;-webkit-background-size:100% 100%}}#logo{display:inline-block;height:54px;width:150px}\n  </style>\n  <a href=//www.google.com/><span id=logo aria-label=Google></span></a>\n  <p><b>403.</b> <ins>That’s an error.</ins>\n  <p>Your client does not have permission to get URL <code>/v1/projects/weather-app-4d13a:testIamPermissions</code> from this server.  <ins>That’s all we know.</ins>\n"
[debug] [2022-05-16T22:42:12.171Z] [iam] error while checking permissions, command may fail: FirebaseError: Unable to parse JSON: SyntaxError: Unexpected token < in JSON at position 0
[debug] [2022-05-16T22:42:12.175Z] >>> [apiv2][query] GET https://firebase.googleapis.com/v1beta1/projects/weather-app-4d13a [none]
[debug] [2022-05-16T22:42:12.842Z] <<< [apiv2][status] GET https://firebase.googleapis.com/v1beta1/projects/weather-app-4d13a 403
[debug] [2022-05-16T22:42:12.842Z] <<< [apiv2][body] GET https://firebase.googleapis.com/v1beta1/projects/weather-app-4d13a "<!DOCTYPE html>\n<html lang=en>\n  <meta charset=utf-8>\n  <meta name=viewport content=\"initial-scale=1, minimum-scale=1, width=device-width\">\n  <title>Error 403 (Forbidden)!!1</title>\n  <style>\n    *{margin:0;padding:0}html,code{font:15px/22px arial,sans-serif}html{background:#fff;color:#222;padding:15px}body{margin:7% auto 0;max-width:390px;min-height:180px;padding:30px 0 15px}* > body{background:url(//www.google.com/images/errors/robot.png) 100% 5px no-repeat;padding-right:205px}p{margin:11px 0 22px;overflow:hidden}ins{color:#777;text-decoration:none}a img{border:0}@media screen and (max-width:772px){body{background:none;margin-top:0;max-width:none;padding-right:0}}#logo{background:url(//www.google.com/images/branding/googlelogo/1x/googlelogo_color_150x54dp.png) no-repeat;margin-left:-5px}@media only screen and (min-resolution:192dpi){#logo{background:url(//www.google.com/images/branding/googlelogo/2x/googlelogo_color_150x54dp.png) no-repeat 0% 0%/100% 100%;-moz-border-image:url(//www.google.com/images/branding/googlelogo/2x/googlelogo_color_150x54dp.png) 0}}@media only screen and (-webkit-min-device-pixel-ratio:2){#logo{background:url(//www.google.com/images/branding/googlelogo/2x/googlelogo_color_150x54dp.png) no-repeat;-webkit-background-size:100% 100%}}#logo{display:inline-block;height:54px;width:150px}\n  </style>\n  <a href=//www.google.com/><span id=logo aria-label=Google></span></a>\n  <p><b>403.</b> <ins>That’s an error.</ins>\n  <p>Your client does not have permission to get URL <code>/v1beta1/projects/weather-app-4d13a</code> from this server.  <ins>That’s all we know.</ins>\n"
[debug] [2022-05-16T22:42:12.842Z] Unable to parse JSON: SyntaxError: Unexpected token < in JSON at position 0
[debug] [2022-05-16T22:42:13.407Z] FirebaseError: Unable to parse JSON: SyntaxError: Unexpected token < in JSON at position 0
    at RetryOperation._fn (C:\Users\Ahmed\AppData\Roaming\npm\node_modules\firebase-tools\lib\apiv2.js:258:39)
    at processTicksAndRejections (internal/process/task_queues.js:93:5)
[error] 
[error] Error: Failed to get Firebase project weather-app-4d13a. Please make sure the project exists and your account has permission to access it.
